Assembler report for Relogio
<<<<<<< HEAD
Thu Sep 27 18:37:25 2018
Quartus Prime Version 18.0.0 Build 614 04/24/2018 SJ Standard Edition
=======
Thu Sep 27 21:34:05 2018
Quartus Prime Version 18.0.0 Build 614 04/24/2018 SJ Lite Edition
>>>>>>> d20e9d3ddc53ed3fd33768ad097d3fd90483acfb


---------------------
; Table of Contents ;
---------------------
  1. Legal Notice
  2. Assembler Summary
  3. Assembler Settings
  4. Assembler Generated Files
  5. Assembler Device Options: C:/Users/leo_v/Desktop/GitHub/Relogio/Relogio/output_files/Relogio.sof
  6. Assembler Messages



----------------
; Legal Notice ;
----------------
Copyright (C) 2018  Intel Corporation. All rights reserved.
Your use of Intel Corporation's design tools, logic functions 
and other software and tools, and its AMPP partner logic 
functions, and any output files from any of the foregoing 
(including device programming or simulation files), and any 
associated documentation or information are expressly subject 
to the terms and conditions of the Intel Program License 
Subscription Agreement, the Intel Quartus Prime License Agreement,
the Intel FPGA IP License Agreement, or other applicable license
agreement, including, without limitation, that your use is for
the sole purpose of programming logic devices manufactured by
Intel and sold by Intel or its authorized distributors.  Please
refer to the applicable agreement for further details.



+---------------------------------------------------------------+
; Assembler Summary                                             ;
+-----------------------+---------------------------------------+
<<<<<<< HEAD
; Assembler Status      ; Successful - Thu Sep 27 18:37:25 2018 ;
=======
; Assembler Status      ; Successful - Thu Sep 27 21:34:05 2018 ;
>>>>>>> d20e9d3ddc53ed3fd33768ad097d3fd90483acfb
; Revision Name         ; Relogio                               ;
; Top-level Entity Name ; TopLevel                              ;
; Family                ; Cyclone IV E                          ;
; Device                ; EP4CE115F29C7                         ;
+-----------------------+---------------------------------------+


+----------------------------------+
; Assembler Settings               ;
+--------+---------+---------------+
; Option ; Setting ; Default Value ;
+--------+---------+---------------+


+------------------------------------------------------------------------+
; Assembler Generated Files                                              ;
+------------------------------------------------------------------------+
; File Name                                                              ;
+------------------------------------------------------------------------+
; C:/Users/leo_v/Desktop/GitHub/Relogio/Relogio/output_files/Relogio.sof ;
+------------------------------------------------------------------------+


+--------------------------------------------------------------------------------------------------+
; Assembler Device Options: C:/Users/leo_v/Desktop/GitHub/Relogio/Relogio/output_files/Relogio.sof ;
+----------------+---------------------------------------------------------------------------------+
; Option         ; Setting                                                                         ;
+----------------+---------------------------------------------------------------------------------+
; JTAG usercode  ; 0x0062E598                                                                      ;
; Checksum       ; 0x0062E598                                                                      ;
+----------------+---------------------------------------------------------------------------------+


+--------------------+
; Assembler Messages ;
+--------------------+
Info: *******************************************************************
Info: Running Quartus Prime Assembler
<<<<<<< HEAD
    Info: Version 18.0.0 Build 614 04/24/2018 SJ Standard Edition
    Info: Processing started: Thu Sep 27 18:37:22 2018
=======
    Info: Version 18.0.0 Build 614 04/24/2018 SJ Lite Edition
    Info: Processing started: Thu Sep 27 21:34:00 2018
>>>>>>> d20e9d3ddc53ed3fd33768ad097d3fd90483acfb
Info: Command: quartus_asm --read_settings_files=off --write_settings_files=off Relogio -c Relogio
Warning (18236): Number of processors has not been specified which may cause overloading on shared machines.  Set the global assignment NUM_PARALLEL_PROCESSORS in your QSF to an appropriate value for best performance.
Info (115031): Writing out detailed assembly data for power analysis
Info (115030): Assembler is generating device programming files
Info: Quartus Prime Assembler was successful. 0 errors, 1 warning
<<<<<<< HEAD
    Info: Peak virtual memory: 828 megabytes
    Info: Processing ended: Thu Sep 27 18:37:25 2018
    Info: Elapsed time: 00:00:03
    Info: Total CPU time (on all processors): 00:00:03
=======
    Info: Peak virtual memory: 4701 megabytes
    Info: Processing ended: Thu Sep 27 21:34:05 2018
    Info: Elapsed time: 00:00:05
    Info: Total CPU time (on all processors): 00:00:04
>>>>>>> d20e9d3ddc53ed3fd33768ad097d3fd90483acfb


