Flow report for Relogio
<<<<<<< HEAD
Thu Sep 27 18:37:31 2018
Quartus Prime Version 18.0.0 Build 614 04/24/2018 SJ Standard Edition
=======
Thu Sep 27 21:34:16 2018
Quartus Prime Version 18.0.0 Build 614 04/24/2018 SJ Lite Edition
>>>>>>> d20e9d3ddc53ed3fd33768ad097d3fd90483acfb


---------------------
; Table of Contents ;
---------------------
  1. Legal Notice
  2. Flow Summary
  3. Flow Settings
  4. Flow Non-Default Global Settings
  5. Flow Elapsed Time
  6. Flow OS Summary
  7. Flow Log
  8. Flow Messages
  9. Flow Suppressed Messages



----------------
; Legal Notice ;
----------------
Copyright (C) 2018  Intel Corporation. All rights reserved.
Your use of Intel Corporation's design tools, logic functions 
and other software and tools, and its AMPP partner logic 
functions, and any output files from any of the foregoing 
(including device programming or simulation files), and any 
associated documentation or information are expressly subject 
to the terms and conditions of the Intel Program License 
Subscription Agreement, the Intel Quartus Prime License Agreement,
the Intel FPGA IP License Agreement, or other applicable license
agreement, including, without limitation, that your use is for
the sole purpose of programming logic devices manufactured by
Intel and sold by Intel or its authorized distributors.  Please
refer to the applicable agreement for further details.



<<<<<<< HEAD
+--------------------------------------------------------------------------------------+
; Flow Summary                                                                         ;
+------------------------------------+-------------------------------------------------+
; Flow Status                        ; Successful - Thu Sep 27 18:37:31 2018           ;
; Quartus Prime Version              ; 18.0.0 Build 614 04/24/2018 SJ Standard Edition ;
; Revision Name                      ; Relogio                                         ;
; Top-level Entity Name              ; TopLevel                                        ;
; Family                             ; Cyclone IV E                                    ;
; Device                             ; EP4CE115F29C7                                   ;
; Timing Models                      ; Final                                           ;
; Total logic elements               ; 1,460 / 114,480 ( 1 % )                         ;
;     Total combinational functions  ; 1,460 / 114,480 ( 1 % )                         ;
;     Dedicated logic registers      ; 66 / 114,480 ( < 1 % )                          ;
; Total registers                    ; 66                                              ;
; Total pins                         ; 79 / 529 ( 15 % )                               ;
; Total virtual pins                 ; 0                                               ;
; Total memory bits                  ; 0 / 3,981,312 ( 0 % )                           ;
; Embedded Multiplier 9-bit elements ; 0 / 532 ( 0 % )                                 ;
; Total PLLs                         ; 0 / 4 ( 0 % )                                   ;
+------------------------------------+-------------------------------------------------+
=======
+----------------------------------------------------------------------------------+
; Flow Summary                                                                     ;
+------------------------------------+---------------------------------------------+
; Flow Status                        ; Successful - Thu Sep 27 21:34:16 2018       ;
; Quartus Prime Version              ; 18.0.0 Build 614 04/24/2018 SJ Lite Edition ;
; Revision Name                      ; Relogio                                     ;
; Top-level Entity Name              ; TopLevel                                    ;
; Family                             ; Cyclone IV E                                ;
; Device                             ; EP4CE115F29C7                               ;
; Timing Models                      ; Final                                       ;
; Total logic elements               ; 1,463 / 114,480 ( 1 % )                     ;
;     Total combinational functions  ; 1,461 / 114,480 ( 1 % )                     ;
;     Dedicated logic registers      ; 66 / 114,480 ( < 1 % )                      ;
; Total registers                    ; 66                                          ;
; Total pins                         ; 79 / 529 ( 15 % )                           ;
; Total virtual pins                 ; 0                                           ;
; Total memory bits                  ; 0 / 3,981,312 ( 0 % )                       ;
; Embedded Multiplier 9-bit elements ; 0 / 532 ( 0 % )                             ;
; Total PLLs                         ; 0 / 4 ( 0 % )                               ;
+------------------------------------+---------------------------------------------+
>>>>>>> d20e9d3ddc53ed3fd33768ad097d3fd90483acfb


+-----------------------------------------+
; Flow Settings                           ;
+-------------------+---------------------+
; Option            ; Setting             ;
+-------------------+---------------------+
<<<<<<< HEAD
; Start date & time ; 09/27/2018 18:36:43 ;
=======
; Start date & time ; 09/27/2018 21:33:02 ;
>>>>>>> d20e9d3ddc53ed3fd33768ad097d3fd90483acfb
; Main task         ; Compilation         ;
; Revision Name     ; Relogio             ;
+-------------------+---------------------+


+-----------------------------------------------------------------------------------------------------------------------------+
; Flow Non-Default Global Settings                                                                                            ;
+-------------------------------------+----------------------------------------+---------------+-------------+----------------+
; Assignment Name                     ; Value                                  ; Default Value ; Entity Name ; Section Id     ;
+-------------------------------------+----------------------------------------+---------------+-------------+----------------+
<<<<<<< HEAD
; COMPILER_SIGNATURE_ID               ; 193866619041307.153808420321433        ; --            ; --          ; --             ;
=======
; COMPILER_SIGNATURE_ID               ; 40637553889694.153810558211112         ; --            ; --          ; --             ;
>>>>>>> d20e9d3ddc53ed3fd33768ad097d3fd90483acfb
; EDA_OUTPUT_DATA_FORMAT              ; Vhdl                                   ; --            ; --          ; eda_simulation ;
; EDA_SIMULATION_TOOL                 ; ModelSim-Altera (VHDL)                 ; <None>        ; --          ; --             ;
; EDA_TIME_SCALE                      ; 1 ps                                   ; --            ; --          ; eda_simulation ;
; MAX_CORE_JUNCTION_TEMP              ; 85                                     ; --            ; --          ; --             ;
; MIN_CORE_JUNCTION_TEMP              ; 0                                      ; --            ; --          ; --             ;
; NOMINAL_CORE_SUPPLY_VOLTAGE         ; 1.2V                                   ; --            ; --          ; --             ;
; PARTITION_COLOR                     ; -- (Not supported for targeted family) ; --            ; TopLevel    ; Top            ;
; PARTITION_FITTER_PRESERVATION_LEVEL ; -- (Not supported for targeted family) ; --            ; TopLevel    ; Top            ;
; PARTITION_NETLIST_TYPE              ; -- (Not supported for targeted family) ; --            ; TopLevel    ; Top            ;
; POWER_BOARD_THERMAL_MODEL           ; None (CONSERVATIVE)                    ; --            ; --          ; --             ;
; POWER_PRESET_COOLING_SOLUTION       ; 23 MM HEAT SINK WITH 200 LFPM AIRFLOW  ; --            ; --          ; --             ;
; PROJECT_OUTPUT_DIRECTORY            ; output_files                           ; --            ; --          ; --             ;
; TOP_LEVEL_ENTITY                    ; TopLevel                               ; Relogio       ; --          ; --             ;
; VHDL_INPUT_VERSION                  ; VHDL_2008                              ; VHDL_1993     ; --          ; --             ;
; VHDL_SHOW_LMF_MAPPING_MESSAGES      ; Off                                    ; --            ; --          ; --             ;
+-------------------------------------+----------------------------------------+---------------+-------------+----------------+


+--------------------------------------------------------------------------------------------------------------------------+
; Flow Elapsed Time                                                                                                        ;
+----------------------+--------------+-------------------------+---------------------+------------------------------------+
; Module Name          ; Elapsed Time ; Average Processors Used ; Peak Virtual Memory ; Total CPU Time (on all processors) ;
+----------------------+--------------+-------------------------+---------------------+------------------------------------+
<<<<<<< HEAD
; Analysis & Synthesis ; 00:00:20     ; 1.0                     ; 1015 MB             ; 00:00:35                           ;
; Fitter               ; 00:00:17     ; 1.0                     ; 1470 MB             ; 00:00:25                           ;
; Assembler            ; 00:00:03     ; 1.0                     ; 828 MB              ; 00:00:03                           ;
; Timing Analyzer      ; 00:00:02     ; 1.0                     ; 899 MB              ; 00:00:02                           ;
; EDA Netlist Writer   ; 00:00:02     ; 1.0                     ; 1074 MB             ; 00:00:02                           ;
; Total                ; 00:00:44     ; --                      ; --                  ; 00:01:07                           ;
=======
; Analysis & Synthesis ; 00:00:29     ; 1.0                     ; 4845 MB             ; 00:00:50                           ;
; Fitter               ; 00:00:25     ; 1.0                     ; 5460 MB             ; 00:00:34                           ;
; Assembler            ; 00:00:05     ; 1.0                     ; 4700 MB             ; 00:00:04                           ;
; Timing Analyzer      ; 00:00:05     ; 1.0                     ; 4845 MB             ; 00:00:04                           ;
; EDA Netlist Writer   ; 00:00:04     ; 1.0                     ; 4686 MB             ; 00:00:03                           ;
; Total                ; 00:01:08     ; --                      ; --                  ; 00:01:35                           ;
>>>>>>> d20e9d3ddc53ed3fd33768ad097d3fd90483acfb
+----------------------+--------------+-------------------------+---------------------+------------------------------------+


+------------------------------------------------------------------------------------+
; Flow OS Summary                                                                    ;
+----------------------+------------------+------------+------------+----------------+
; Module Name          ; Machine Hostname ; OS Name    ; OS Version ; Processor type ;
+----------------------+------------------+------------+------------+----------------+
; Analysis & Synthesis ; DESKTOP-NBFG51D  ; Windows 10 ; 10.0       ; x86_64         ;
; Fitter               ; DESKTOP-NBFG51D  ; Windows 10 ; 10.0       ; x86_64         ;
; Assembler            ; DESKTOP-NBFG51D  ; Windows 10 ; 10.0       ; x86_64         ;
; Timing Analyzer      ; DESKTOP-NBFG51D  ; Windows 10 ; 10.0       ; x86_64         ;
; EDA Netlist Writer   ; DESKTOP-NBFG51D  ; Windows 10 ; 10.0       ; x86_64         ;
+----------------------+------------------+------------+------------+----------------+


------------
; Flow Log ;
------------
quartus_map --read_settings_files=on --write_settings_files=off Relogio -c Relogio
quartus_fit --read_settings_files=off --write_settings_files=off Relogio -c Relogio
quartus_asm --read_settings_files=off --write_settings_files=off Relogio -c Relogio
quartus_sta Relogio -c Relogio
quartus_eda --read_settings_files=off --write_settings_files=off Relogio -c Relogio



